TN:
SF:src\List.tsx
FN:3,get
FN:3,App
FNF:2
FNH:2
FNDA:4,get
FNDA:4,App
DA:1,1
DA:2,1
DA:3,1
DA:4,4
DA:5,4
LF:5
LH:5
BRDA:3,0,0,4
BRDA:3,1,0,4
BRF:2
BRH:2
end_of_record
TN:
SF:src\components\List.tsx
FN:44,get
FN:7,List
FN:11,addToList
FN:17,removeFromList
FN:29,onChange
FN:36,onClick
FNF:6
FNH:6
FNDA:4,get
FNDA:10,List
FNDA:1,addToList
FNDA:1,removeFromList
FNDA:4,onChange
FNDA:1,onClick
DA:1,1
DA:2,1
DA:3,1
DA:4,1
DA:5,1
DA:6,1
DA:7,10
DA:8,10
DA:9,10
DA:10,10
DA:11,10
DA:12,1
DA:13,1
DA:14,1
DA:15,1
DA:16,10
DA:17,10
DA:18,1
DA:19,1
DA:20,1
DA:21,1
DA:22,10
DA:23,10
DA:24,10
DA:25,10
DA:26,10
DA:27,10
DA:28,10
DA:29,10
DA:30,10
DA:31,10
DA:32,10
DA:33,10
DA:34,28
DA:35,10
DA:36,10
DA:37,10
DA:38,10
DA:39,10
DA:40,10
DA:41,10
DA:42,10
DA:43,1
DA:44,1
LF:44
LH:44
BRDA:44,0,0,4
BRDA:7,1,0,10
BRDA:11,2,0,1
BRDA:12,3,0,1
BRDA:13,4,0,1
BRDA:17,5,0,1
BRDA:18,6,0,1
BRDA:19,7,0,1
BRDA:19,8,0,3
BRDA:29,9,0,4
BRDA:33,10,0,28
BRDA:36,11,0,1
BRF:12
BRH:12
end_of_record
